<?xml version="1.0" encoding="UTF-8"?>
<testsuite xmlns:xsi="http://www.w3.org/2001/XMLSchema-instance" xsi:noNamespaceSchemaLocation="https://maven.apache.org/surefire/maven-surefire-plugin/xsd/surefire-test-report-3.0.xsd" version="3.0" name="testRunner.TestRunner" time="22.163" tests="1" errors="0" skipped="0" failures="1">
  <properties>
[...]
</properties>
  <testcase name="Adding a description in order to check the proper outcome" classname="User upload image functionality" time="18.636">
    <failure type="java.lang.AssertionError"><![CDATA[java.lang.AssertionError
	at pages.ImagePage.addSomeDefaultDuration(ImagePage.java:56)
	at stepDefinitions.mediasteps.AddAnImage.testDefaultDurationFunctionality(AddAnImage.java:27)
	at ✽.I try to add "7" as a default duration(file:///C:/AutomationFolderTest/Yodeck/src/test/java/features/media/UploadAnImage.feature:30)
]]></failure>
    <system-out><![CDATA[
@Image @Regression @test1
Scenario: Adding a description in order to check the proper outcome # src/test/java/features/media/UploadAnImage.feature:20
  When I am on the login page                                       # stepDefinitions.loginsteps.LoginSteps.iLoginToTheLoginPage()
  And the user accepts cookies                                      # stepDefinitions.registrationsteps.RegistrationSteps.acceptCookies()
  And I enter a valid email "kitsos212@test.com"                    # stepDefinitions.loginsteps.LoginSteps.iEnterAValidEmail(java.lang.String)
  And I click the continue button                                   # stepDefinitions.loginsteps.LoginSteps.iClickTheContinueButton()
  And I enter a valid password "Marcfit21@"                         # stepDefinitions.loginsteps.LoginSteps.iEnterAValidPassword(java.lang.String)
  And I click the login button                                      # stepDefinitions.loginsteps.LoginSteps.iClickTheLoginButton()
  Then I should be logged in successfully                           # stepDefinitions.loginsteps.LoginSteps.iShouldBeLoggedInSuccessfully()
  And I navigate to image subsection and try to upload an image     # stepDefinitions.mediasteps.AddAnImage.uploadAnImageFunctionality()
  When I try to add some "Kitsos" description                       # stepDefinitions.mediasteps.AddAnImage.testDescriptionFunctionality(java.lang.String)
  And I try to add "7" as a default duration                        # stepDefinitions.mediasteps.AddAnImage.testDefaultDurationFunctionality(java.lang.String)
      java.lang.AssertionError
	at pages.ImagePage.addSomeDefaultDuration(ImagePage.java:56)
	at stepDefinitions.mediasteps.AddAnImage.testDefaultDurationFunctionality(AddAnImage.java:27)
	at âœ½.I try to add "7" as a default duration(file:///C:/AutomationFolderTest/Yodeck/src/test/java/features/media/UploadAnImage.feature:30)

]]></system-out>
    <system-err><![CDATA[SLF4J(W): No SLF4J providers were found.
SLF4J(W): Defaulting to no-operation (NOP) logger implementation
SLF4J(W): See https://www.slf4j.org/codes.html#noProviders for further details.
]]></system-err>
  </testcase>
</testsuite>