-------------------------------------------------------------------------------
Test set: testRunner.TestRunner
-------------------------------------------------------------------------------
Tests run: 1, Failures: 1, Errors: 0, Skipped: 0, Time elapsed: 22.16 s <<< FAILURE! -- in testRunner.TestRunner
User upload image functionality.Adding a description in order to check the proper outcome -- Time elapsed: 18.64 s <<< FAILURE!
java.lang.AssertionError
	at pages.ImagePage.addSomeDefaultDuration(ImagePage.java:56)
	at stepDefinitions.mediasteps.AddAnImage.testDefaultDurationFunctionality(AddAnImage.java:27)
	at âœ½.I try to add "7" as a default duration(file:///C:/AutomationFolderTest/Yodeck/src/test/java/features/media/UploadAnImage.feature:30)

